<?xml version="1.0" encoding="UTF-8"?>
<!-- Generated by org.testng.reporters.JUnitReportReporter -->
<testsuite hostname="NASEEM" failures="0" tests="1" name="com.TwoPlugs.TestCases.userLinks" time="32.434" errors="0" timestamp="18 Mar 2019 21:53:47 GMT" skipped="0">
  <testcase classname="com.TwoPlugs.TestCases.userLinks" name="getUserLinks" time="32.434"/>
</testsuite> <!-- com.TwoPlugs.TestCases.userLinks -->
