<?xml version="1.0" encoding="UTF-8"?>
<!-- Generated by org.testng.reporters.JUnitReportReporter -->
<testsuite hostname="NASEEM" failures="0" tests="1" name="com.TwoPlugs.TestCases.LoginTest" time="26.079" errors="0" timestamp="10 Mar 2019 00:11:12 GMT" skipped="0">
  <testcase classname="com.TwoPlugs.TestCases.LoginTest" name="loginTest" time="26.079"/>
</testsuite> <!-- com.TwoPlugs.TestCases.LoginTest -->
