<?xml version="1.0" encoding="UTF-8"?>
<!-- Generated by org.testng.reporters.JUnitReportReporter -->
<testsuite hostname="NASEEM" failures="0" tests="1" name="com.TwoPlugs.TestCases.TransferEedsNeg" time="4.091" errors="0" timestamp="06 Mar 2019 02:11:33 GMT" skipped="0">
  <testcase classname="com.TwoPlugs.TestCases.TransferEedsNeg" name="TransferEedsNega" time="4.091"/>
</testsuite> <!-- com.TwoPlugs.TestCases.TransferEedsNeg -->
