<?xml version="1.0" encoding="UTF-8"?>
<!-- Generated by org.testng.reporters.JUnitReportReporter -->
<testsuite hostname="NASEEM" failures="0" tests="2" name="com.TwoPlugs.TestCases.Follow_Unfollow" time="26.293" errors="0" timestamp="05 Mar 2019 19:25:18 GMT" skipped="0">
  <testcase classname="com.TwoPlugs.TestCases.Follow_Unfollow" name="follow" time="20.718"/>
  <testcase classname="com.TwoPlugs.TestCases.Follow_Unfollow" name="UnFollow" time="5.575"/>
</testsuite> <!-- com.TwoPlugs.TestCases.Follow_Unfollow -->
