<?xml version="1.0" encoding="UTF-8"?>
<!-- Generated by org.testng.reporters.JUnitReportReporter -->
<testsuite hostname="NASEEM" failures="0" tests="1" name="com.TwoPlugs.TestCases.FollowUnFollow1" time="45.482" errors="0" timestamp="10 Mar 2019 00:11:12 GMT" skipped="0">
  <testcase classname="com.TwoPlugs.TestCases.FollowUnFollow1" name="followingPageLinks" time="45.482"/>
</testsuite> <!-- com.TwoPlugs.TestCases.FollowUnFollow1 -->
