<?xml version="1.0" encoding="UTF-8"?>
<!-- Generated by org.testng.reporters.JUnitReportReporter -->
<testsuite hostname="NASEEM" failures="0" tests="2" name="com.TwoPlugs.TestCases.Login_Valid_TDD" time="3.755" errors="0" timestamp="05 Mar 2019 16:48:30 GMT" skipped="0">
  <testcase classname="com.TwoPlugs.TestCases.Login_Valid_TDD" name="LoginValidData" time="2.385"/>
  <testcase classname="com.TwoPlugs.TestCases.Login_Valid_TDD" name="LoginValidData" time="1.370"/>
</testsuite> <!-- com.TwoPlugs.TestCases.Login_Valid_TDD -->
