<?xml version="1.0" encoding="UTF-8"?>
<!-- Generated by org.testng.reporters.JUnitReportReporter -->
<testsuite hostname="NASEEM" failures="0" tests="1" name="com.TwoPlugs.TestCases.sortingMessage" time="7.864" errors="0" timestamp="03 Apr 2019 02:39:10 GMT" skipped="0">
  <testcase classname="com.TwoPlugs.TestCases.sortingMessage" name="sortMessages" time="7.864"/>
</testsuite> <!-- com.TwoPlugs.TestCases.sortingMessage -->
