<?xml version="1.0" encoding="UTF-8"?>
<!-- Generated by org.testng.reporters.JUnitReportReporter -->
<testsuite hostname="NASEEM" failures="0" tests="1" name="com.TwoPlugs.TestCases.userLinks" time="23.264" errors="0" timestamp="10 Mar 2019 00:11:13 GMT" skipped="0">
  <testcase classname="com.TwoPlugs.TestCases.userLinks" name="getUserLinks" time="23.264"/>
</testsuite> <!-- com.TwoPlugs.TestCases.userLinks -->
