<?xml version="1.0" encoding="UTF-8"?>
<!-- Generated by org.testng.reporters.JUnitReportReporter -->
<testsuite hostname="NASEEM" failures="0" tests="1" name="com.TwoPlugs.TestCases.DisplayTime" time="17.143" errors="0" timestamp="10 Mar 2019 00:11:13 GMT" skipped="0">
  <testcase classname="com.TwoPlugs.TestCases.DisplayTime" name="checkTime" time="17.143"/>
</testsuite> <!-- com.TwoPlugs.TestCases.DisplayTime -->
