<?xml version="1.0" encoding="UTF-8"?>
<!-- Generated by org.testng.reporters.JUnitReportReporter -->
<testsuite hostname="NASEEM" failures="0" tests="1" name="com.TwoPlugs.TestCases.MsgCountPagination" time="4.081" errors="0" timestamp="07 Mar 2019 21:27:30 GMT" skipped="0">
  <testcase classname="com.TwoPlugs.TestCases.MsgCountPagination" name="getMesagesPagination" time="4.081"/>
</testsuite> <!-- com.TwoPlugs.TestCases.MsgCountPagination -->
