<?xml version="1.0" encoding="UTF-8"?>
<!-- Generated by org.testng.reporters.JUnitReportReporter -->
<testsuite hostname="NASEEM" failures="0" tests="1" name="com.TwoPlugs.TestCases.DisplayTime" time="17.128" errors="0" timestamp="09 Mar 2019 20:39:07 GMT" skipped="0">
  <testcase classname="com.TwoPlugs.TestCases.DisplayTime" name="checkTime" time="17.128"/>
</testsuite> <!-- com.TwoPlugs.TestCases.DisplayTime -->
