<?xml version="1.0" encoding="UTF-8"?>
<!-- Generated by org.testng.reporters.JUnitReportReporter -->
<testsuite hostname="NASEEM" failures="0" tests="1" name="com.TwoPlugs.TestCases.userLinks" time="5.733" errors="0" timestamp="15 Mar 2019 01:56:40 GMT" skipped="0">
  <testcase classname="com.TwoPlugs.TestCases.userLinks" name="getUserLinks" time="5.733"/>
</testsuite> <!-- com.TwoPlugs.TestCases.userLinks -->
