<?xml version="1.0" encoding="UTF-8"?>
<!-- Generated by org.testng.reporters.JUnitReportReporter -->
<testsuite hostname="NASEEM" failures="0" tests="1" name="com.TwoPlugs.TestCases.userLinks" time="21.230" errors="0" timestamp="09 Mar 2019 20:39:07 GMT" skipped="0">
  <testcase classname="com.TwoPlugs.TestCases.userLinks" name="getUserLinks" time="21.230"/>
</testsuite> <!-- com.TwoPlugs.TestCases.userLinks -->
