<?xml version="1.0" encoding="UTF-8"?>
<!-- Generated by org.testng.reporters.JUnitReportReporter -->
<testsuite hostname="NASEEM" failures="0" tests="1" name="com.TwoPlugs.TestCases.profile" time="25.641" errors="0" timestamp="09 Jun 2019 22:14:49 GMT" skipped="0">
  <testcase classname="com.TwoPlugs.TestCases.profile" name="profileimageupload" time="25.641"/>
</testsuite> <!-- com.TwoPlugs.TestCases.profile -->
