<?xml version="1.0" encoding="UTF-8"?>
<!-- Generated by org.testng.reporters.JUnitReportReporter -->
<testsuite hostname="NASEEM" failures="0" tests="1" name="com.TwoPlugs.TestCases.LoginTest" time="22.033" errors="0" timestamp="09 Mar 2019 20:39:07 GMT" skipped="0">
  <testcase classname="com.TwoPlugs.TestCases.LoginTest" name="loginTest" time="22.033"/>
</testsuite> <!-- com.TwoPlugs.TestCases.LoginTest -->
